# JRE version: Java(TM) SE Runtime Environment (17.0.7+8) (build 17.0.7+8-LTS-224)
# Java VM: Java HotSpot(TM) 64-Bit Server VM (17.0.7+8-LTS-224, mixed mode, sharing, tiered, compressed oops, compressed class ptrs, g1 gc, windows-amd64)
GC Precious Log:
 CPUs: 8 total, 8 available
 Memory: 7834M
 Large Page Support: Disabled
 NUMA Support: Disabled
 Compressed Oops: Enabled (Zero based)
 Heap Region Size: 2M
 Heap Min Capacity: 8M
 Heap Initial Capacity: 124M
 Heap Max Capacity: 4G
 Pre-touch: Disabled
 Parallel Workers: 8
 Concurrent Workers: 2
 Concurrent Refinement Workers: 8
 Periodic GC: Disabled
Heap:
 garbage-first heap   total 233472K, used 185530K [0x0000000700000000, 0x0000000800000000)
  region size 2048K, 35 young (71680K), 3 survivors (6144K)
 Metaspace       used 94792K, committed 95808K, reserved 1138688K
  class space    used 13359K, committed 13824K, reserved 1048576K
GC Heap History (20 events):
Event: 30.258 GC heap before
{Heap before GC invocations=37 (full 0):
 garbage-first heap   total 147456K, used 112286K [0x0000000700000000, 0x0000000800000000)
  region size 2048K, 17 young (34816K), 2 survivors (4096K)
 Metaspace       used 73403K, committed 74240K, reserved 1114112K
  class space    used 10267K, committed 10688K, reserved 1048576K
}
Event: 30.269 GC heap after
{Heap after GC invocations=38 (full 0):
 garbage-first heap   total 147456K, used 84056K [0x0000000700000000, 0x0000000800000000)
  region size 2048K, 3 young (6144K), 3 survivors (6144K)
 Metaspace       used 73403K, committed 74240K, reserved 1114112K
  class space    used 10267K, committed 10688K, reserved 1048576K
}
Event: 30.896 GC heap before
{Heap before GC invocations=38 (full 0):
 garbage-first heap   total 147456K, used 114776K [0x0000000700000000, 0x0000000800000000)
  region size 2048K, 19 young (38912K), 3 survivors (6144K)
 Metaspace       used 73824K, committed 74688K, reserved 1114112K
  class space    used 10332K, committed 10752K, reserved 1048576K
}
Event: 30.904 GC heap after
{Heap after GC invocations=39 (full 0):
 garbage-first heap   total 147456K, used 85741K [0x0000000700000000, 0x0000000800000000)
  region size 2048K, 3 young (6144K), 3 survivors (6144K)
 Metaspace       used 73824K, committed 74688K, reserved 1114112K
  class space    used 10332K, committed 10752K, reserved 1048576K
}
Event: 32.255 GC heap before
{Heap before GC invocations=40 (full 0):
 garbage-first heap   total 151552K, used 110317K [0x0000000700000000, 0x0000000800000000)
  region size 2048K, 17 young (34816K), 3 survivors (6144K)
 Metaspace       used 74142K, committed 74944K, reserved 1114112K
  class space    used 10344K, committed 10752K, reserved 1048576K
}
Event: 32.262 GC heap after
{Heap after GC invocations=41 (full 0):
 garbage-first heap   total 151552K, used 92349K [0x0000000700000000, 0x0000000800000000)
  region size 2048K, 3 young (6144K), 3 survivors (6144K)
 Metaspace       used 74142K, committed 74944K, reserved 1114112K
  class space    used 10344K, committed 10752K, reserved 1048576K
}
Event: 33.236 GC heap before
{Heap before GC invocations=42 (full 0):
 garbage-first heap   total 174080K, used 125117K [0x0000000700000000, 0x0000000800000000)
  region size 2048K, 16 young (32768K), 3 survivors (6144K)
 Metaspace       used 76226K, committed 77056K, reserved 1122304K
  class space    used 10616K, committed 11008K, reserved 1048576K
}
Event: 33.243 GC heap after
{Heap after GC invocations=43 (full 0):
 garbage-first heap   total 174080K, used 102751K [0x0000000700000000, 0x0000000800000000)
  region size 2048K, 2 young (4096K), 2 survivors (4096K)
 Metaspace       used 76226K, committed 77056K, reserved 1122304K
  class space    used 10616K, committed 11008K, reserved 1048576K
}
Event: 33.753 GC heap before
{Heap before GC invocations=43 (full 0):
 garbage-first heap   total 174080K, used 137567K [0x0000000700000000, 0x0000000800000000)
  region size 2048K, 19 young (38912K), 2 survivors (4096K)
 Metaspace       used 76554K, committed 77376K, reserved 1122304K
  class space    used 10650K, committed 11072K, reserved 1048576K
}
Event: 33.758 GC heap after
{Heap after GC invocations=44 (full 0):
 garbage-first heap   total 174080K, used 104415K [0x0000000700000000, 0x0000000800000000)
  region size 2048K, 3 young (6144K), 3 survivors (6144K)
 Metaspace       used 76554K, committed 77376K, reserved 1122304K
  class space    used 10650K, committed 11072K, reserved 1048576K
}
Event: 34.665 GC heap before
{Heap before GC invocations=45 (full 0):
 garbage-first heap   total 194560K, used 137183K [0x0000000700000000, 0x0000000800000000)
  region size 2048K, 19 young (38912K), 3 survivors (6144K)
 Metaspace       used 77932K, committed 78784K, reserved 1122304K
  class space    used 10852K, committed 11264K, reserved 1048576K
}
Event: 34.672 GC heap after
{Heap after GC invocations=46 (full 0):
 garbage-first heap   total 194560K, used 106805K [0x0000000700000000, 0x0000000800000000)
  region size 2048K, 3 young (6144K), 3 survivors (6144K)
 Metaspace       used 77932K, committed 78784K, reserved 1122304K
  class space    used 10852K, committed 11264K, reserved 1048576K
}
Event: 35.986 GC heap before
{Heap before GC invocations=46 (full 0):
 garbage-first heap   total 194560K, used 153909K [0x0000000700000000, 0x0000000800000000)
  region size 2048K, 26 young (53248K), 3 survivors (6144K)
 Metaspace       used 80959K, committed 81856K, reserved 1122304K
  class space    used 11366K, committed 11776K, reserved 1048576K
}
Event: 35.994 GC heap after
{Heap after GC invocations=47 (full 0):
 garbage-first heap   total 194560K, used 107967K [0x0000000700000000, 0x0000000800000000)
  region size 2048K, 3 young (6144K), 3 survivors (6144K)
 Metaspace       used 80959K, committed 81856K, reserved 1122304K
  class space    used 11366K, committed 11776K, reserved 1048576K
}
Event: 37.428 GC heap before
{Heap before GC invocations=48 (full 0):
 garbage-first heap   total 194560K, used 155071K [0x0000000700000000, 0x0000000800000000)
  region size 2048K, 27 young (55296K), 3 survivors (6144K)
 Metaspace       used 83937K, committed 84864K, reserved 1122304K
  class space    used 11855K, committed 12288K, reserved 1048576K
}
Event: 37.436 GC heap after
{Heap after GC invocations=49 (full 0):
 garbage-first heap   total 233472K, used 110022K [0x0000000700000000, 0x0000000800000000)
  region size 2048K, 3 young (6144K), 3 survivors (6144K)
 Metaspace       used 83937K, committed 84864K, reserved 1122304K
  class space    used 11855K, committed 12288K, reserved 1048576K
}
Event: 40.567 GC heap before
{Heap before GC invocations=49 (full 0):
 garbage-first heap   total 233472K, used 189894K [0x0000000700000000, 0x0000000800000000)
  region size 2048K, 42 young (86016K), 3 survivors (6144K)
 Metaspace       used 87157K, committed 88064K, reserved 1130496K
  class space    used 12323K, committed 12736K, reserved 1048576K
}
Event: 40.582 GC heap after
{Heap after GC invocations=50 (full 0):
 garbage-first heap   total 233472K, used 116715K [0x0000000700000000, 0x0000000800000000)
  region size 2048K, 6 young (12288K), 6 survivors (12288K)
 Metaspace       used 87157K, committed 88064K, reserved 1130496K
  class space    used 12323K, committed 12736K, reserved 1048576K
}
Event: 43.182 GC heap before
{Heap before GC invocations=50 (full 0):
 garbage-first heap   total 233472K, used 190443K [0x0000000700000000, 0x0000000800000000)
  region size 2048K, 42 young (86016K), 6 survivors (12288K)
 Metaspace       used 91031K, committed 91968K, reserved 1130496K
  class space    used 12867K, committed 13312K, reserved 1048576K
}
Event: 43.198 GC heap after
{Heap after GC invocations=51 (full 0):
 garbage-first heap   total 233472K, used 122042K [0x0000000700000000, 0x0000000800000000)
  region size 2048K, 3 young (6144K), 3 survivors (6144K)
 Metaspace       used 91031K, committed 91968K, reserved 1130496K
  class space    used 12867K, committed 13312K, reserved 1048576K
}

